<?xml version="1.0" encoding="UTF-8"?>
<!-- Generated by org.testng.reporters.JUnitReportReporter -->
<testsuite skipped="3" hostname="DESKTOP-2ED4479" name="com.api.httptests.HttpgetmethodTest" tests="4" failures="0" timestamp="2020-07-21T23:07:20 IST" time="3.871" errors="0">
  <testcase name="validatepostmethodusingpojostyle" time="3.871" classname="com.api.httptests.HttpgetmethodTest"/>
  <testcase name="validatepostuserdetails" classname="com.api.httptests.HttpgetmethodTest">
    <skipped/>
  </testcase> <!-- validatepostuserdetails -->
  <testcase name="httpgettest" classname="com.api.httptests.HttpgetmethodTest">
    <skipped/>
  </testcase> <!-- httpgettest -->
  <testcase name="validateapiwitheaders" classname="com.api.httptests.HttpgetmethodTest">
    <skipped/>
  </testcase> <!-- validateapiwitheaders -->
</testsuite> <!-- com.api.httptests.HttpgetmethodTest -->
