<?xml version="1.0" encoding="UTF-8"?>
<!-- Generated by org.testng.reporters.JUnitReportReporter -->
<testsuite skipped="2" hostname="DESKTOP-2ED4479" name="com.api.httptests.HttpgetmethodTest" tests="3" failures="0" timestamp="2020-07-19T22:40:36 IST" time="1.208" errors="0">
  <testcase name="validatepostuserdetails" time="1.208" classname="com.api.httptests.HttpgetmethodTest"/>
  <testcase name="httpgettest" classname="com.api.httptests.HttpgetmethodTest">
    <skipped/>
  </testcase> <!-- httpgettest -->
  <testcase name="validateapiwitheaders" classname="com.api.httptests.HttpgetmethodTest">
    <skipped/>
  </testcase> <!-- validateapiwitheaders -->
</testsuite> <!-- com.api.httptests.HttpgetmethodTest -->
