<?xml version="1.0" encoding="UTF-8"?>
<!-- Generated by org.testng.reporters.JUnitReportReporter -->
<testsuite skipped="0" hostname="DESKTOP-2ED4479" name="com.api.httptests.HttpgetmethodTest" tests="1" failures="0" timestamp="2020-07-18T23:53:23 IST" time="2.479" errors="0">
  <testcase name="validateapiwitheaders" time="2.479" classname="com.api.httptests.HttpgetmethodTest"/>
</testsuite> <!-- com.api.httptests.HttpgetmethodTest -->
