<?xml version="1.0" encoding="UTF-8"?>
<!-- Generated by org.testng.reporters.JUnitReportReporter -->
<testsuite skipped="0" hostname="DESKTOP-2ED4479" name="com.api.httptests.HttpgetmethodTest" tests="1" failures="0" timestamp="2020-07-12T23:25:44 IST" time="1.357" errors="0">
  <testcase name="httpgettest" time="1.357" classname="com.api.httptests.HttpgetmethodTest"/>
</testsuite> <!-- com.api.httptests.HttpgetmethodTest -->
